{"item": "dual monitor stand", "user": 746, "date": "2023-10-19T18:21:53Z"}
{"item": "smartphone", "user": 618, "date": "2023-10-19T18:21:53Z"}
{"item": "digital hygrometer", "user": 868, "date": "2023-10-19T18:21:53Z"}
{"item": "HDMI splitter", "user": 496, "date": "2023-10-19T18:21:53Z"}
{"item": "Wacom tablet", "user": 932, "date": "2023-10-19T18:21:53Z"}
{"item": "3D printer", "user": 21, "date": "2023-10-19T18:21:53Z"}
{"item": "dual monitor stand", "user": 51, "date": "2023-10-19T18:21:53Z"}
{"item": "document camera", "user": 214, "date": "2023-10-19T18:21:53Z"}
{"item": "stylus pen", "user": 75, "date": "2023-10-19T18:21:53Z"}
{"item": "portable SSD", "user": 775, "date": "2023-10-19T18:21:53Z"}
{"item": "electronic scale", "user": 846, "date": "2023-10-19T18:21:53Z"}
{"item": "portable charger", "user": 223, "date": "2023-10-19T18:21:53Z"}
{"item": "robot vacuum cleaner", "user": 408, "date": "2023-10-19T18:21:53Z"}
{"item": "drone", "user": 457, "date": "2023-10-19T18:21:53Z"}
{"item": "Wacom tablet", "user": 686, "date": "2023-10-19T18:21:53Z"}
{"item": "robot kit", "user": 744, "date": "2023-10-19T18:21:53Z"}
{"item": "wireless earbuds", "user": 434, "date": "2023-10-19T18:21:53Z"}
{"item": "microSD card", "user": 692, "date": "2023-10-19T18:21:53Z"}
{"item": "e-ink display", "user": 212, "date": "2023-10-19T18:21:53Z"}
{"item": "voice recorder", "user": 233, "date": "2023-10-19T18:21:53Z"}
{"item": "Wearable fitness tracker", "user": 250, "date": "2023-10-19T18:21:53Z"}
{"item": "barometric pressure sensor", "user": 243, "date": "2023-10-19T18:21:53Z"}
{"item": "portable SSD", "user": 319, "date": "2023-10-19T18:21:53Z"}
{"item": "solid-state drive", "user": 680, "date": "2023-10-19T18:21:53Z"}
{"item": "wireless charger", "user": 305, "date": "2023-10-19T18:21:53Z"}
{"item": "monitor", "user": 209, "date": "2023-10-19T18:21:53Z"}
{"item": "graphing tablet", "user": 214, "date": "2023-10-19T18:21:53Z"}
{"item": "barcode printer", "user": 286, "date": "2023-10-19T18:21:53Z"}
{"item": "gaming keyboard", "user": 345, "date": "2023-10-19T18:21:53Z"}
{"item": "hard disk drive", "user": 487, "date": "2023-10-19T18:21:53Z"}
{"item": "microSD card", "user": 206, "date": "2023-10-19T18:21:53Z"}
{"item": "robot vacuum cleaner", "user": 56, "date": "2023-10-19T18:21:53Z"}
{"item": "voice amplifier", "user": 132, "date": "2023-10-19T18:21:53Z"}
{"item": "robotic exoskeleton", "user": 351, "date": "2023-10-19T18:21:53Z"}
{"item": "smart lock", "user": 547, "date": "2023-10-19T18:21:53Z"}
{"item": "drone charger", "user": 725, "date": "2023-10-19T18:21:53Z"}
{"item": "USB hub", "user": 915, "date": "2023-10-19T18:21:53Z"}
{"item": "hard disk drive", "user": 638, "date": "2023-10-19T18:21:53Z"}
{"item": "Bluetooth headphones", "user": 871, "date": "2023-10-19T18:21:53Z"}
{"item": "smart mirror", "user": 692, "date": "2023-10-19T18:21:53Z"}
{"item": "inkjet printer", "user": 89, "date": "2023-10-19T18:21:53Z"}
{"item": "thermal paste", "user": 188, "date": "2023-10-19T18:21:53Z"}
{"item": "universal remote", "user": 838, "date": "2023-10-19T18:21:53Z"}
{"item": "barometric pressure sensor", "user": 794, "date": "2023-10-19T18:21:53Z"}
{"item": "signal analyzer", "user": 918, "date": "2023-10-19T18:21:53Z"}
{"item": "soldering iron", "user": 257, "date": "2023-10-19T18:21:53Z"}
{"item": "graphing calculator", "user": 73, "date": "2023-10-19T18:21:53Z"}
{"item": "digital oscilloscope", "user": 39, "date": "2023-10-19T18:21:53Z"}
{"item": "drone", "user": 25, "date": "2023-10-19T18:21:53Z"}
{"item": "wireless presenter", "user": 899, "date": "2023-10-19T18:21:53Z"}
{"item": "power strip", "user": 443, "date": "2023-10-19T18:25:28Z"}
{"item": "robotic controller", "user": 838, "date": "2023-10-19T18:25:28Z"}
{"item": "computer case", "user": 452, "date": "2023-10-19T18:25:28Z"}
{"item": "Raspberry Pi", "user": 732, "date": "2023-10-19T18:25:28Z"}
{"item": "voice amplifier", "user": 489, "date": "2023-10-19T18:25:28Z"}
{"item": "video switcher", "user": 260, "date": "2023-10-19T18:25:28Z"}
{"item": "game controller", "user": 209, "date": "2023-10-19T18:25:28Z"}
{"item": "TV wall mount", "user": 282, "date": "2023-10-19T18:25:28Z"}
{"item": "video switcher", "user": 714, "date": "2023-10-19T18:25:28Z"}
{"item": "barcode printer", "user": 800, "date": "2023-10-19T18:25:28Z"}
{"item": "power supply unit", "user": 996, "date": "2023-10-19T18:25:28Z"}
{"item": "wireless barcode scanner", "user": 473, "date": "2023-10-19T18:25:28Z"}
{"item": "e-reader", "user": 26, "date": "2023-10-19T18:25:28Z"}
{"item": "smart belt", "user": 694, "date": "2023-10-19T18:25:28Z"}
{"item": "webcam", "user": 654, "date": "2023-10-19T18:25:28Z"}
{"item": "RFID tag", "user": 879, "date": "2023-10-19T18:25:28Z"}
{"item": "headphones", "user": 27, "date": "2023-10-19T18:25:28Z"}
{"item": "solar panel", "user": 106, "date": "2023-10-19T18:25:28Z"}
{"item": "HDMI cable", "user": 872, "date": "2023-10-19T18:25:28Z"}
{"item": "cable tester", "user": 349, "date": "2023-10-19T18:25:28Z"}
{"item": "soldering station", "user": 994, "date": "2023-10-19T18:25:28Z"}
{"item": "scientific calculator", "user": 369, "date": "2023-10-19T18:25:28Z"}
{"item": "signal generator", "user": 507, "date": "2023-10-19T18:25:28Z"}
{"item": "RFID reader", "user": 830, "date": "2023-10-19T18:25:28Z"}
{"item": "wireless barcode scanner", "user": 56, "date": "2023-10-19T18:25:28Z"}
{"item": "laser pointer", "user": 45, "date": "2023-10-19T18:25:28Z"}
{"item": "portable charger", "user": 223, "date": "2023-10-19T18:25:28Z"}
{"item": "solar panel", "user": 757, "date": "2023-10-19T18:25:28Z"}
{"item": "gaming headset", "user": 262, "date": "2023-10-19T18:25:28Z"}
{"item": "barometric pressure sensor", "user": 815, "date": "2023-10-19T18:25:28Z"}
{"item": "home theater projector", "user": 494, "date": "2023-10-19T18:25:28Z"}
{"item": "solid-state drive", "user": 25, "date": "2023-10-19T18:25:28Z"}
{"item": "gaming keyboard", "user": 823, "date": "2023-10-19T18:25:28Z"}
{"item": "camera", "user": 71, "date": "2023-10-19T18:25:28Z"}
{"item": "smart ring", "user": 51, "date": "2023-10-19T18:25:28Z"}
{"item": "smart belt", "user": 339, "date": "2023-10-19T18:25:28Z"}
{"item": "thermal paste", "user": 342, "date": "2023-10-19T18:25:28Z"}
{"item": "robotic controller", "user": 405, "date": "2023-10-19T18:25:28Z"}
{"item": "cable tester", "user": 773, "date": "2023-10-19T18:25:28Z"}
{"item": "robotic exoskeleton", "user": 20, "date": "2023-10-19T18:25:28Z"}
{"item": "digital photo frame", "user": 608, "date": "2023-10-19T18:25:28Z"}
{"item": "soldering station", "user": 389, "date": "2023-10-19T18:25:28Z"}
{"item": "wireless barcode scanner", "user": 685, "date": "2023-10-19T18:25:28Z"}
{"item": "graphing tablet", "user": 989, "date": "2023-10-19T18:25:28Z"}
{"item": "virtual reality headset", "user": 881, "date": "2023-10-19T18:25:28Z"}
{"item": "USB-C dock", "user": 444, "date": "2023-10-19T18:25:28Z"}
{"item": "VR treadmill", "user": 946, "date": "2023-10-19T18:25:28Z"}
{"item": "digital camera", "user": 301, "date": "2023-10-19T18:25:28Z"}
{"item": "smart plug", "user": 36, "date": "2023-10-19T18:25:28Z"}
{"item": "surround sound system", "user": 965, "date": "2023-10-19T18:25:28Z"}
